<?xml version="1.0" encoding="UTF-8"?>
<testsuite name="test.pivotal.pal.tracker.TimeEntryControllerTest" tests="7" skipped="0" failures="0" errors="0" timestamp="2017-11-30T16:03:51" hostname="DESKTOP-O57FP2L" time="0.155">
  <properties/>
  <testcase name="testList" classname="test.pivotal.pal.tracker.TimeEntryControllerTest" time="0.135"/>
  <testcase name="testRead" classname="test.pivotal.pal.tracker.TimeEntryControllerTest" time="0.004"/>
  <testcase name="testRead_NotFound" classname="test.pivotal.pal.tracker.TimeEntryControllerTest" time="0.001"/>
  <testcase name="testUpdate_NotFound" classname="test.pivotal.pal.tracker.TimeEntryControllerTest" time="0.004"/>
  <testcase name="testCreate" classname="test.pivotal.pal.tracker.TimeEntryControllerTest" time="0.0"/>
  <testcase name="testDelete" classname="test.pivotal.pal.tracker.TimeEntryControllerTest" time="0.007"/>
  <testcase name="testUpdate" classname="test.pivotal.pal.tracker.TimeEntryControllerTest" time="0.001"/>
  <system-out><![CDATA[]]></system-out>
  <system-err><![CDATA[]]></system-err>
</testsuite>
